DEBUG main druid.sql.ResultSet - {conn-10005, pstmt-20002, rs-50003} closed
DEBUG main druid.sql.Statement - {conn-10005, pstmt-20002} clearParameters. 
DEBUG main druid.sql.Connection - {conn-10005} pool-recycle
DEBUG SpringContextShutdownHook druid.sql.Connection - {conn-10001} closed
DEBUG SpringContextShutdownHook druid.sql.Connection - {conn-10002} closed
DEBUG SpringContextShutdownHook druid.sql.Connection - {conn-10003} closed
DEBUG SpringContextShutdownHook druid.sql.Connection - {conn-10004} closed
DEBUG SpringContextShutdownHook druid.sql.Statement - {conn-10005, pstmt-20001} closed
DEBUG SpringContextShutdownHook druid.sql.Statement - {conn-10005, pstmt-20000} closed
DEBUG SpringContextShutdownHook druid.sql.Statement - {conn-10005, pstmt-20002} closed
DEBUG SpringContextShutdownHook druid.sql.Connection - {conn-10005} closed
DEBUG main druid.sql.Connection - {conn-10001,procId-115} connected
DEBUG main druid.sql.Connection - {conn-10002,procId-116} connected
DEBUG main druid.sql.Connection - {conn-10003,procId-117} connected
DEBUG main druid.sql.Connection - {conn-10004,procId-118} connected
DEBUG main druid.sql.Connection - {conn-10005,procId-119} connected
DEBUG main druid.sql.Connection - {conn-10005} pool-connect
DEBUG main druid.sql.Connection - {conn-10005} pool-recycle
DEBUG main druid.sql.Connection - {conn-10005} pool-connect
DEBUG main druid.sql.Connection - {conn-10005} pool-recycle
DEBUG scheduling-1 druid.sql.Connection - {conn-10005} pool-connect
DEBUG scheduling-1 druid.sql.Statement - {conn-10005, pstmt-20000} created. select * from t_reservation where isDispatched=false and hour(timediff(startAt,now()))>=0 and hour(timediff(startAt,now()))<=8
DEBUG scheduling-1 druid.sql.Statement - {conn-10005, pstmt-20000} Parameters : []
DEBUG scheduling-1 druid.sql.Statement - {conn-10005, pstmt-20000} Types : []
DEBUG scheduling-1 druid.sql.Statement - {conn-10005, pstmt-20000} executed. 37.345266 millis. select * from t_reservation where isDispatched=false and hour(timediff(startAt,now()))>=0 and hour(timediff(startAt,now()))<=8
DEBUG scheduling-1 druid.sql.ResultSet - {conn-10005, pstmt-20000, rs-50000} open
DEBUG scheduling-1 druid.sql.ResultSet - {conn-10005, pstmt-20000, rs-50000} Header: [id, userId, start_lng, start_lat, end_lng, end_lat, startAt, num, isDispatched]
DEBUG scheduling-1 druid.sql.ResultSet - {conn-10005, pstmt-20000, rs-50000} closed
DEBUG scheduling-1 druid.sql.Statement - {conn-10005, pstmt-20000} clearParameters. 
DEBUG scheduling-1 druid.sql.Connection - {conn-10005} pool-recycle
DEBUG scheduling-1 druid.sql.Connection - {conn-10005} pool-connect
DEBUG scheduling-1 druid.sql.Statement - {conn-10005, pstmt-20001} created. select * from t_driver
DEBUG scheduling-1 druid.sql.Statement - {conn-10005, pstmt-20001} Parameters : []
DEBUG scheduling-1 druid.sql.Statement - {conn-10005, pstmt-20001} Types : []
DEBUG scheduling-1 druid.sql.Statement - {conn-10005, pstmt-20001} executed. 12.222407 millis. select * from t_driver
DEBUG scheduling-1 druid.sql.ResultSet - {conn-10005, pstmt-20001, rs-50001} open
DEBUG scheduling-1 druid.sql.ResultSet - {conn-10005, pstmt-20001, rs-50001} Header: [id, username, password, phone, carId]
DEBUG scheduling-1 druid.sql.ResultSet - {conn-10005, pstmt-20001, rs-50001} closed
DEBUG scheduling-1 druid.sql.Statement - {conn-10005, pstmt-20001} clearParameters. 
DEBUG scheduling-1 druid.sql.Connection - {conn-10005} pool-recycle
DEBUG main druid.sql.Connection - {conn-10005} pool-connect
DEBUG main druid.sql.Statement - {conn-10005, pstmt-20000} Parameters : []
DEBUG main druid.sql.Statement - {conn-10005, pstmt-20000} Types : []
DEBUG main druid.sql.Statement - {conn-10005, pstmt-20000} executed. 14.671388 millis. select * from t_reservation where isDispatched=false and hour(timediff(startAt,now()))>=0 and hour(timediff(startAt,now()))<=8
DEBUG main druid.sql.ResultSet - {conn-10005, pstmt-20000, rs-50002} open
DEBUG main druid.sql.ResultSet - {conn-10005, pstmt-20000, rs-50002} Header: [id, userId, start_lng, start_lat, end_lng, end_lat, startAt, num, isDispatched]
DEBUG main druid.sql.ResultSet - {conn-10005, pstmt-20000, rs-50002} closed
DEBUG main druid.sql.Statement - {conn-10005, pstmt-20000} clearParameters. 
DEBUG main druid.sql.Connection - {conn-10005} pool-recycle
DEBUG main druid.sql.Connection - {conn-10005} pool-connect
DEBUG main druid.sql.Statement - {conn-10005, pstmt-20002} created. select * from t_reservation where isDispatched=?
DEBUG main druid.sql.Statement - {conn-10005, pstmt-20002} Parameters : [false]
DEBUG main druid.sql.Statement - {conn-10005, pstmt-20002} Types : [BOOLEAN]
DEBUG main druid.sql.Statement - {conn-10005, pstmt-20002} executed. 30.139709 millis. select * from t_reservation where isDispatched=?
DEBUG main druid.sql.ResultSet - {conn-10005, pstmt-20002, rs-50003} open
DEBUG main druid.sql.ResultSet - {conn-10005, pstmt-20002, rs-50003} Header: [id, userId, start_lng, start_lat, end_lng, end_lat, startAt, num, isDispatched]
DEBUG main druid.sql.ResultSet - {conn-10005, pstmt-20002, rs-50003} Result: [1, 1, 118.820984405, 31.887238809, 118.84002, 31.95266, 2019-07-24, 1, false]
DEBUG main druid.sql.ResultSet - {conn-10005, pstmt-20002, rs-50003} Result: [2, 2, 118.794473, 32.054832, 118.84002, 31.95266, 2019-07-24, 1, false]
DEBUG main druid.sql.ResultSet - {conn-10005, pstmt-20002, rs-50003} closed
DEBUG main druid.sql.Statement - {conn-10005, pstmt-20002} clearParameters. 
DEBUG main druid.sql.Connection - {conn-10005} pool-recycle
DEBUG main druid.sql.Connection - {conn-10005} pool-connect
DEBUG main druid.sql.Statement - {conn-10005, pstmt-20002} Parameters : [false]
DEBUG main druid.sql.Statement - {conn-10005, pstmt-20002} Types : [BOOLEAN]
DEBUG main druid.sql.Statement - {conn-10005, pstmt-20002} executed. 13.071744 millis. select * from t_reservation where isDispatched=?
DEBUG main druid.sql.ResultSet - {conn-10005, pstmt-20002, rs-50004} open
DEBUG main druid.sql.ResultSet - {conn-10005, pstmt-20002, rs-50004} Header: [id, userId, start_lng, start_lat, end_lng, end_lat, startAt, num, isDispatched]
DEBUG main druid.sql.ResultSet - {conn-10005, pstmt-20002, rs-50004} Result: [1, 1, 118.820984405, 31.887238809, 118.84002, 31.95266, 2019-07-24, 1, false]
DEBUG main druid.sql.ResultSet - {conn-10005, pstmt-20002, rs-50004} Result: [2, 2, 118.794473, 32.054832, 118.84002, 31.95266, 2019-07-24, 1, false]
DEBUG main druid.sql.ResultSet - {conn-10005, pstmt-20002, rs-50004} closed
DEBUG main druid.sql.Statement - {conn-10005, pstmt-20002} clearParameters. 
DEBUG main druid.sql.Connection - {conn-10005} pool-recycle
DEBUG SpringContextShutdownHook druid.sql.Connection - {conn-10001} closed
DEBUG SpringContextShutdownHook druid.sql.Connection - {conn-10002} closed
DEBUG SpringContextShutdownHook druid.sql.Connection - {conn-10003} closed
DEBUG SpringContextShutdownHook druid.sql.Connection - {conn-10004} closed
DEBUG SpringContextShutdownHook druid.sql.Statement - {conn-10005, pstmt-20001} closed
DEBUG SpringContextShutdownHook druid.sql.Statement - {conn-10005, pstmt-20000} closed
DEBUG SpringContextShutdownHook druid.sql.Statement - {conn-10005, pstmt-20002} closed
DEBUG SpringContextShutdownHook druid.sql.Connection - {conn-10005} closed
DEBUG main druid.sql.Connection - {conn-10001,procId-407} connected
DEBUG main druid.sql.Connection - {conn-10002,procId-408} connected
DEBUG main druid.sql.Connection - {conn-10003,procId-409} connected
DEBUG main druid.sql.Connection - {conn-10004,procId-410} connected
DEBUG main druid.sql.Connection - {conn-10005,procId-411} connected
DEBUG main druid.sql.Connection - {conn-10005} pool-connect
DEBUG main druid.sql.Connection - {conn-10005} pool-recycle
DEBUG main druid.sql.Connection - {conn-10005} pool-connect
DEBUG main druid.sql.Connection - {conn-10005} pool-recycle
DEBUG scheduling-1 druid.sql.Connection - {conn-10005} pool-connect
DEBUG scheduling-1 druid.sql.Statement - {conn-10005, pstmt-20000} created. select * from t_reservation where isDispatched=false and hour(timediff(startAt,now()))>=0 and hour(timediff(startAt,now()))<=8
DEBUG scheduling-1 druid.sql.Statement - {conn-10005, pstmt-20000} Parameters : []
DEBUG scheduling-1 druid.sql.Statement - {conn-10005, pstmt-20000} Types : []
DEBUG scheduling-1 druid.sql.Statement - {conn-10005, pstmt-20000} executed. 14.332552 millis. select * from t_reservation where isDispatched=false and hour(timediff(startAt,now()))>=0 and hour(timediff(startAt,now()))<=8
DEBUG scheduling-1 druid.sql.ResultSet - {conn-10005, pstmt-20000, rs-50000} open
DEBUG scheduling-1 druid.sql.ResultSet - {conn-10005, pstmt-20000, rs-50000} Header: [id, userId, start_lng, start_lat, end_lng, end_lat, startAt, num, isDispatched]
DEBUG scheduling-1 druid.sql.ResultSet - {conn-10005, pstmt-20000, rs-50000} Result: [6, 1, 2.0, 3.0, 4.0, 4.0, 2020-10-15 03:00:00.0, 1, false]
DEBUG scheduling-1 druid.sql.ResultSet - {conn-10005, pstmt-20000, rs-50000} closed
DEBUG scheduling-1 druid.sql.Statement - {conn-10005, pstmt-20000} clearParameters. 
DEBUG scheduling-1 druid.sql.Connection - {conn-10005} pool-recycle
DEBUG scheduling-1 druid.sql.Connection - {conn-10005} pool-connect
DEBUG scheduling-1 druid.sql.Statement - {conn-10005, pstmt-20001} created. select * from t_driver
DEBUG scheduling-1 druid.sql.Statement - {conn-10005, pstmt-20001} Parameters : []
DEBUG scheduling-1 druid.sql.Statement - {conn-10005, pstmt-20001} Types : []
DEBUG scheduling-1 druid.sql.Statement - {conn-10005, pstmt-20001} executed. 6.016017 millis. select * from t_driver
DEBUG scheduling-1 druid.sql.ResultSet - {conn-10005, pstmt-20001, rs-50001} open
DEBUG scheduling-1 druid.sql.ResultSet - {conn-10005, pstmt-20001, rs-50001} Header: [id, username, password, phone, carId]
DEBUG scheduling-1 druid.sql.ResultSet - {conn-10005, pstmt-20001, rs-50001} Result: [1, 司机一, 123456, 10086, 1]
DEBUG scheduling-1 druid.sql.ResultSet - {conn-10005, pstmt-20001, rs-50001} closed
DEBUG scheduling-1 druid.sql.Statement - {conn-10005, pstmt-20001} clearParameters. 
DEBUG scheduling-1 druid.sql.Connection - {conn-10005} pool-recycle
DEBUG main druid.sql.Connection - {conn-10005} pool-connect
DEBUG main druid.sql.Statement - {conn-10005, pstmt-20000} Parameters : []
DEBUG main druid.sql.Statement - {conn-10005, pstmt-20000} Types : []
DEBUG main druid.sql.Statement - {conn-10005, pstmt-20000} executed. 2.54229 millis. select * from t_reservation where isDispatched=false and hour(timediff(startAt,now()))>=0 and hour(timediff(startAt,now()))<=8
DEBUG main druid.sql.ResultSet - {conn-10005, pstmt-20000, rs-50002} open
DEBUG main druid.sql.ResultSet - {conn-10005, pstmt-20000, rs-50002} Header: [id, userId, start_lng, start_lat, end_lng, end_lat, startAt, num, isDispatched]
DEBUG main druid.sql.ResultSet - {conn-10005, pstmt-20000, rs-50002} Result: [6, 1, 2.0, 3.0, 4.0, 4.0, 2020-10-15 03:00:00.0, 1, false]
DEBUG main druid.sql.ResultSet - {conn-10005, pstmt-20000, rs-50002} closed
DEBUG main druid.sql.Statement - {conn-10005, pstmt-20000} clearParameters. 
DEBUG main druid.sql.Connection - {conn-10005} pool-recycle
DEBUG main druid.sql.Connection - {conn-10005} pool-connect
DEBUG main druid.sql.Statement - {conn-10005, pstmt-20002} created. select * from t_reservation where isDispatched=?
DEBUG main druid.sql.Statement - {conn-10005, pstmt-20002} Parameters : [false]
DEBUG main druid.sql.Statement - {conn-10005, pstmt-20002} Types : [BOOLEAN]
DEBUG main druid.sql.Statement - {conn-10005, pstmt-20002} executed. 1.689842 millis. select * from t_reservation where isDispatched=?
DEBUG main druid.sql.ResultSet - {conn-10005, pstmt-20002, rs-50003} open
DEBUG main druid.sql.ResultSet - {conn-10005, pstmt-20002, rs-50003} Header: [id, userId, start_lng, start_lat, end_lng, end_lat, startAt, num, isDispatched]
DEBUG main druid.sql.ResultSet - {conn-10005, pstmt-20002, rs-50003} Result: [1, 1, 1.0, 1.0, 1.0, 1.0, 2020-10-06 00:00:00.0, 1, false]
DEBUG main druid.sql.ResultSet - {conn-10005, pstmt-20002, rs-50003} Result: [2, 2, 2.0, 2.0, 2.0, 2.0, 2020-10-09 00:00:00.0, 2, false]
DEBUG main druid.sql.ResultSet - {conn-10005, pstmt-20002, rs-50003} Result: [3, 1, 2.0, 3.0, 4.0, 4.0, 2020-10-14 00:00:00.0, 1, false]
DEBUG main druid.sql.ResultSet - {conn-10005, pstmt-20002, rs-50003} Result: [4, 1, 2.0, 3.0, 4.0, 4.0, 2020-10-14 00:00:00.0, 1, false]
DEBUG main druid.sql.ResultSet - {conn-10005, pstmt-20002, rs-50003} Result: [5, 1, 2.0, 3.0, 4.0, 4.0, 2020-10-14 13:00:00.0, 1, false]
DEBUG main druid.sql.ResultSet - {conn-10005, pstmt-20002, rs-50003} Result: [6, 1, 2.0, 3.0, 4.0, 4.0, 2020-10-15 03:00:00.0, 1, false]
DEBUG main druid.sql.ResultSet - {conn-10005, pstmt-20002, rs-50003} closed
DEBUG main druid.sql.Statement - {conn-10005, pstmt-20002} clearParameters. 
DEBUG main druid.sql.Connection - {conn-10005} pool-recycle
DEBUG main druid.sql.Connection - {conn-10005} pool-connect
DEBUG main druid.sql.Statement - {conn-10005, pstmt-20002} Parameters : [false]
DEBUG main druid.sql.Statement - {conn-10005, pstmt-20002} Types : [BOOLEAN]
DEBUG main druid.sql.Statement - {conn-10005, pstmt-20002} executed. 1.846484 millis. select * from t_reservation where isDispatched=?
DEBUG main druid.sql.ResultSet - {conn-10005, pstmt-20002, rs-50004} open
DEBUG main druid.sql.ResultSet - {conn-10005, pstmt-20002, rs-50004} Header: [id, userId, start_lng, start_lat, end_lng, end_lat, startAt, num, isDispatched]
DEBUG main druid.sql.ResultSet - {conn-10005, pstmt-20002, rs-50004} Result: [1, 1, 1.0, 1.0, 1.0, 1.0, 2020-10-06 00:00:00.0, 1, false]
DEBUG main druid.sql.ResultSet - {conn-10005, pstmt-20002, rs-50004} Result: [2, 2, 2.0, 2.0, 2.0, 2.0, 2020-10-09 00:00:00.0, 2, false]
DEBUG main druid.sql.ResultSet - {conn-10005, pstmt-20002, rs-50004} Result: [3, 1, 2.0, 3.0, 4.0, 4.0, 2020-10-14 00:00:00.0, 1, false]
DEBUG main druid.sql.ResultSet - {conn-10005, pstmt-20002, rs-50004} Result: [4, 1, 2.0, 3.0, 4.0, 4.0, 2020-10-14 00:00:00.0, 1, false]
DEBUG main druid.sql.ResultSet - {conn-10005, pstmt-20002, rs-50004} Result: [5, 1, 2.0, 3.0, 4.0, 4.0, 2020-10-14 13:00:00.0, 1, false]
DEBUG main druid.sql.ResultSet - {conn-10005, pstmt-20002, rs-50004} Result: [6, 1, 2.0, 3.0, 4.0, 4.0, 2020-10-15 03:00:00.0, 1, false]
DEBUG main druid.sql.ResultSet - {conn-10005, pstmt-20002, rs-50004} closed
DEBUG main druid.sql.Statement - {conn-10005, pstmt-20002} clearParameters. 
DEBUG main druid.sql.Connection - {conn-10005} pool-recycle
DEBUG SpringContextShutdownHook druid.sql.Connection - {conn-10001} closed
DEBUG SpringContextShutdownHook druid.sql.Connection - {conn-10002} closed
DEBUG SpringContextShutdownHook druid.sql.Connection - {conn-10003} closed
DEBUG SpringContextShutdownHook druid.sql.Connection - {conn-10004} closed
DEBUG SpringContextShutdownHook druid.sql.Statement - {conn-10005, pstmt-20001} closed
DEBUG SpringContextShutdownHook druid.sql.Statement - {conn-10005, pstmt-20000} closed
DEBUG SpringContextShutdownHook druid.sql.Statement - {conn-10005, pstmt-20002} closed
DEBUG SpringContextShutdownHook druid.sql.Connection - {conn-10005} closed
DEBUG main druid.sql.Connection - {conn-10001,procId-412} connected
DEBUG main druid.sql.Connection - {conn-10002,procId-413} connected
DEBUG main druid.sql.Connection - {conn-10003,procId-414} connected
DEBUG main druid.sql.Connection - {conn-10004,procId-415} connected
DEBUG main druid.sql.Connection - {conn-10005,procId-416} connected
DEBUG main druid.sql.Connection - {conn-10005} pool-connect
DEBUG main druid.sql.Connection - {conn-10005} pool-recycle
DEBUG main druid.sql.Connection - {conn-10005} pool-connect
DEBUG main druid.sql.Connection - {conn-10005} pool-recycle
DEBUG scheduling-1 druid.sql.Connection - {conn-10005} pool-connect
DEBUG scheduling-1 druid.sql.Statement - {conn-10005, pstmt-20000} created. select * from t_reservation where isDispatched=false and hour(timediff(startAt,now()))>=0 and hour(timediff(startAt,now()))<=8
DEBUG scheduling-1 druid.sql.Statement - {conn-10005, pstmt-20000} Parameters : []
DEBUG scheduling-1 druid.sql.Statement - {conn-10005, pstmt-20000} Types : []
DEBUG scheduling-1 druid.sql.Statement - {conn-10005, pstmt-20000} executed. 13.666554 millis. select * from t_reservation where isDispatched=false and hour(timediff(startAt,now()))>=0 and hour(timediff(startAt,now()))<=8
DEBUG scheduling-1 druid.sql.ResultSet - {conn-10005, pstmt-20000, rs-50000} open
DEBUG scheduling-1 druid.sql.ResultSet - {conn-10005, pstmt-20000, rs-50000} Header: [id, userId, start_lng, start_lat, end_lng, end_lat, startAt, num, isDispatched]
DEBUG scheduling-1 druid.sql.ResultSet - {conn-10005, pstmt-20000, rs-50000} Result: [6, 1, 2.0, 3.0, 4.0, 4.0, 2020-10-15 03:00:00.0, 1, false]
DEBUG scheduling-1 druid.sql.ResultSet - {conn-10005, pstmt-20000, rs-50000} closed
DEBUG scheduling-1 druid.sql.Statement - {conn-10005, pstmt-20000} clearParameters. 
DEBUG scheduling-1 druid.sql.Connection - {conn-10005} pool-recycle
DEBUG scheduling-1 druid.sql.Connection - {conn-10005} pool-connect
DEBUG scheduling-1 druid.sql.Statement - {conn-10005, pstmt-20001} created. select * from t_driver
DEBUG scheduling-1 druid.sql.Statement - {conn-10005, pstmt-20001} Parameters : []
DEBUG scheduling-1 druid.sql.Statement - {conn-10005, pstmt-20001} Types : []
DEBUG scheduling-1 druid.sql.Statement - {conn-10005, pstmt-20001} executed. 3.441598 millis. select * from t_driver
DEBUG scheduling-1 druid.sql.ResultSet - {conn-10005, pstmt-20001, rs-50001} open
DEBUG scheduling-1 druid.sql.ResultSet - {conn-10005, pstmt-20001, rs-50001} Header: [id, username, password, phone, carId]
DEBUG scheduling-1 druid.sql.ResultSet - {conn-10005, pstmt-20001, rs-50001} Result: [1, 司机一, 123456, 10086, 1]
DEBUG scheduling-1 druid.sql.ResultSet - {conn-10005, pstmt-20001, rs-50001} closed
DEBUG scheduling-1 druid.sql.Statement - {conn-10005, pstmt-20001} clearParameters. 
DEBUG scheduling-1 druid.sql.Connection - {conn-10005} pool-recycle
DEBUG SpringContextShutdownHook druid.sql.Connection - {conn-10001} closed
DEBUG SpringContextShutdownHook druid.sql.Connection - {conn-10002} closed
DEBUG SpringContextShutdownHook druid.sql.Connection - {conn-10003} closed
DEBUG SpringContextShutdownHook druid.sql.Connection - {conn-10004} closed
DEBUG SpringContextShutdownHook druid.sql.Statement - {conn-10005, pstmt-20000} closed
DEBUG SpringContextShutdownHook druid.sql.Statement - {conn-10005, pstmt-20001} closed
DEBUG SpringContextShutdownHook druid.sql.Connection - {conn-10005} closed
DEBUG main druid.sql.Connection - {conn-10001,procId-418} connected
DEBUG main druid.sql.Connection - {conn-10002,procId-419} connected
DEBUG main druid.sql.Connection - {conn-10003,procId-420} connected
DEBUG main druid.sql.Connection - {conn-10004,procId-421} connected
DEBUG main druid.sql.Connection - {conn-10005,procId-422} connected
DEBUG main druid.sql.Connection - {conn-10005} pool-connect
DEBUG main druid.sql.Connection - {conn-10005} pool-recycle
DEBUG main druid.sql.Connection - {conn-10005} pool-connect
DEBUG main druid.sql.Connection - {conn-10005} pool-recycle
DEBUG scheduling-1 druid.sql.Connection - {conn-10005} pool-connect
DEBUG scheduling-1 druid.sql.Statement - {conn-10005, pstmt-20000} created. select * from t_reservation where isDispatched=false and hour(timediff(startAt,now()))>=0 and hour(timediff(startAt,now()))<=8
DEBUG scheduling-1 druid.sql.Statement - {conn-10005, pstmt-20000} Parameters : []
DEBUG scheduling-1 druid.sql.Statement - {conn-10005, pstmt-20000} Types : []
DEBUG scheduling-1 druid.sql.Statement - {conn-10005, pstmt-20000} executed. 13.641767 millis. select * from t_reservation where isDispatched=false and hour(timediff(startAt,now()))>=0 and hour(timediff(startAt,now()))<=8
DEBUG scheduling-1 druid.sql.ResultSet - {conn-10005, pstmt-20000, rs-50000} open
DEBUG scheduling-1 druid.sql.ResultSet - {conn-10005, pstmt-20000, rs-50000} Header: [id, userId, start_lng, start_lat, end_lng, end_lat, startAt, num, isDispatched]
DEBUG scheduling-1 druid.sql.ResultSet - {conn-10005, pstmt-20000, rs-50000} Result: [6, 1, 2.0, 3.0, 4.0, 4.0, 2020-10-15 03:00:00.0, 1, false]
DEBUG scheduling-1 druid.sql.ResultSet - {conn-10005, pstmt-20000, rs-50000} closed
DEBUG scheduling-1 druid.sql.Statement - {conn-10005, pstmt-20000} clearParameters. 
DEBUG scheduling-1 druid.sql.Connection - {conn-10005} pool-recycle
DEBUG scheduling-1 druid.sql.Connection - {conn-10005} pool-connect
DEBUG scheduling-1 druid.sql.Statement - {conn-10005, pstmt-20001} created. select * from t_driver
DEBUG scheduling-1 druid.sql.Statement - {conn-10005, pstmt-20001} Parameters : []
DEBUG scheduling-1 druid.sql.Statement - {conn-10005, pstmt-20001} Types : []
DEBUG scheduling-1 druid.sql.Statement - {conn-10005, pstmt-20001} executed. 18.960124 millis. select * from t_driver
DEBUG scheduling-1 druid.sql.ResultSet - {conn-10005, pstmt-20001, rs-50001} open
DEBUG scheduling-1 druid.sql.ResultSet - {conn-10005, pstmt-20001, rs-50001} Header: [id, username, password, phone, carId]
DEBUG scheduling-1 druid.sql.ResultSet - {conn-10005, pstmt-20001, rs-50001} Result: [1, 司机一, 123456, 10086, 1]
DEBUG scheduling-1 druid.sql.ResultSet - {conn-10005, pstmt-20001, rs-50001} closed
DEBUG scheduling-1 druid.sql.Statement - {conn-10005, pstmt-20001} clearParameters. 
DEBUG scheduling-1 druid.sql.Connection - {conn-10005} pool-recycle
DEBUG SpringContextShutdownHook druid.sql.Connection - {conn-10001} closed
DEBUG SpringContextShutdownHook druid.sql.Connection - {conn-10002} closed
DEBUG SpringContextShutdownHook druid.sql.Connection - {conn-10003} closed
DEBUG SpringContextShutdownHook druid.sql.Connection - {conn-10004} closed
DEBUG SpringContextShutdownHook druid.sql.Statement - {conn-10005, pstmt-20000} closed
DEBUG SpringContextShutdownHook druid.sql.Statement - {conn-10005, pstmt-20001} closed
DEBUG SpringContextShutdownHook druid.sql.Connection - {conn-10005} closed
DEBUG main druid.sql.Connection - {conn-10001,procId-423} connected
DEBUG main druid.sql.Connection - {conn-10002,procId-424} connected
DEBUG main druid.sql.Connection - {conn-10003,procId-425} connected
DEBUG main druid.sql.Connection - {conn-10004,procId-426} connected
DEBUG main druid.sql.Connection - {conn-10005,procId-427} connected
DEBUG main druid.sql.Connection - {conn-10005} pool-connect
DEBUG main druid.sql.Connection - {conn-10005} pool-recycle
DEBUG main druid.sql.Connection - {conn-10005} pool-connect
DEBUG main druid.sql.Connection - {conn-10005} pool-recycle
DEBUG scheduling-1 druid.sql.Connection - {conn-10005} pool-connect
DEBUG scheduling-1 druid.sql.Statement - {conn-10005, pstmt-20000} created. select * from t_reservation where isDispatched=false and hour(timediff(startAt,now()))>=0 and hour(timediff(startAt,now()))<=8
DEBUG scheduling-1 druid.sql.Statement - {conn-10005, pstmt-20000} Parameters : []
DEBUG scheduling-1 druid.sql.Statement - {conn-10005, pstmt-20000} Types : []
DEBUG scheduling-1 druid.sql.Statement - {conn-10005, pstmt-20000} executed. 8.064026 millis. select * from t_reservation where isDispatched=false and hour(timediff(startAt,now()))>=0 and hour(timediff(startAt,now()))<=8
DEBUG scheduling-1 druid.sql.ResultSet - {conn-10005, pstmt-20000, rs-50000} open
DEBUG scheduling-1 druid.sql.ResultSet - {conn-10005, pstmt-20000, rs-50000} Header: [id, userId, start_lng, start_lat, end_lng, end_lat, startAt, num, isDispatched]
DEBUG scheduling-1 druid.sql.ResultSet - {conn-10005, pstmt-20000, rs-50000} Result: [6, 1, 2.0, 3.0, 4.0, 4.0, 2020-10-15 03:00:00.0, 1, false]
DEBUG scheduling-1 druid.sql.ResultSet - {conn-10005, pstmt-20000, rs-50000} closed
DEBUG scheduling-1 druid.sql.Statement - {conn-10005, pstmt-20000} clearParameters. 
DEBUG scheduling-1 druid.sql.Connection - {conn-10005} pool-recycle
DEBUG scheduling-1 druid.sql.Connection - {conn-10005} pool-connect
DEBUG scheduling-1 druid.sql.Statement - {conn-10005, pstmt-20001} created. select * from t_driver
DEBUG scheduling-1 druid.sql.Statement - {conn-10005, pstmt-20001} Parameters : []
DEBUG scheduling-1 druid.sql.Statement - {conn-10005, pstmt-20001} Types : []
DEBUG scheduling-1 druid.sql.Statement - {conn-10005, pstmt-20001} executed. 0.711979 millis. select * from t_driver
DEBUG scheduling-1 druid.sql.ResultSet - {conn-10005, pstmt-20001, rs-50001} open
DEBUG scheduling-1 druid.sql.ResultSet - {conn-10005, pstmt-20001, rs-50001} Header: [id, username, password, phone, carId]
DEBUG scheduling-1 druid.sql.ResultSet - {conn-10005, pstmt-20001, rs-50001} Result: [1, 司机一, 123456, 10086, 1]
DEBUG scheduling-1 druid.sql.ResultSet - {conn-10005, pstmt-20001, rs-50001} closed
DEBUG scheduling-1 druid.sql.Statement - {conn-10005, pstmt-20001} clearParameters. 
DEBUG scheduling-1 druid.sql.Connection - {conn-10005} pool-recycle
DEBUG SpringContextShutdownHook druid.sql.Connection - {conn-10001} closed
DEBUG SpringContextShutdownHook druid.sql.Connection - {conn-10002} closed
DEBUG SpringContextShutdownHook druid.sql.Connection - {conn-10003} closed
DEBUG SpringContextShutdownHook druid.sql.Connection - {conn-10004} closed
DEBUG SpringContextShutdownHook druid.sql.Statement - {conn-10005, pstmt-20000} closed
DEBUG SpringContextShutdownHook druid.sql.Statement - {conn-10005, pstmt-20001} closed
DEBUG SpringContextShutdownHook druid.sql.Connection - {conn-10005} closed
DEBUG main druid.sql.Connection - {conn-10001,procId-428} connected
DEBUG main druid.sql.Connection - {conn-10002,procId-429} connected
DEBUG main druid.sql.Connection - {conn-10003,procId-430} connected
DEBUG main druid.sql.Connection - {conn-10004,procId-431} connected
DEBUG main druid.sql.Connection - {conn-10005,procId-432} connected
DEBUG main druid.sql.Connection - {conn-10005} pool-connect
DEBUG main druid.sql.Connection - {conn-10005} pool-recycle
DEBUG main druid.sql.Connection - {conn-10005} pool-connect
DEBUG main druid.sql.Connection - {conn-10005} pool-recycle
DEBUG scheduling-1 druid.sql.Connection - {conn-10005} pool-connect
DEBUG scheduling-1 druid.sql.Statement - {conn-10005, pstmt-20000} created. select * from t_reservation where isDispatched=false and hour(timediff(startAt,now()))>=0 and hour(timediff(startAt,now()))<=8
DEBUG scheduling-1 druid.sql.Statement - {conn-10005, pstmt-20000} Parameters : []
DEBUG scheduling-1 druid.sql.Statement - {conn-10005, pstmt-20000} Types : []
DEBUG scheduling-1 druid.sql.Statement - {conn-10005, pstmt-20000} executed. 13.162056 millis. select * from t_reservation where isDispatched=false and hour(timediff(startAt,now()))>=0 and hour(timediff(startAt,now()))<=8
DEBUG scheduling-1 druid.sql.ResultSet - {conn-10005, pstmt-20000, rs-50000} open
DEBUG scheduling-1 druid.sql.ResultSet - {conn-10005, pstmt-20000, rs-50000} Header: [id, userId, start_lng, start_lat, end_lng, end_lat, startAt, num, isDispatched]
DEBUG scheduling-1 druid.sql.ResultSet - {conn-10005, pstmt-20000, rs-50000} Result: [6, 1, 2.0, 3.0, 4.0, 4.0, 2020-10-15 03:00:00.0, 1, false]
DEBUG scheduling-1 druid.sql.ResultSet - {conn-10005, pstmt-20000, rs-50000} closed
DEBUG scheduling-1 druid.sql.Statement - {conn-10005, pstmt-20000} clearParameters. 
DEBUG scheduling-1 druid.sql.Connection - {conn-10005} pool-recycle
DEBUG scheduling-1 druid.sql.Connection - {conn-10005} pool-connect
DEBUG scheduling-1 druid.sql.Statement - {conn-10005, pstmt-20001} created. select * from t_driver
DEBUG scheduling-1 druid.sql.Statement - {conn-10005, pstmt-20001} Parameters : []
DEBUG scheduling-1 druid.sql.Statement - {conn-10005, pstmt-20001} Types : []
DEBUG scheduling-1 druid.sql.Statement - {conn-10005, pstmt-20001} executed. 6.704629 millis. select * from t_driver
DEBUG scheduling-1 druid.sql.ResultSet - {conn-10005, pstmt-20001, rs-50001} open
DEBUG scheduling-1 druid.sql.ResultSet - {conn-10005, pstmt-20001, rs-50001} Header: [id, username, password, phone, carId]
DEBUG scheduling-1 druid.sql.ResultSet - {conn-10005, pstmt-20001, rs-50001} Result: [1, 司机一, 123456, 10086, 1]
DEBUG scheduling-1 druid.sql.ResultSet - {conn-10005, pstmt-20001, rs-50001} closed
DEBUG scheduling-1 druid.sql.Statement - {conn-10005, pstmt-20001} clearParameters. 
DEBUG scheduling-1 druid.sql.Connection - {conn-10005} pool-recycle
DEBUG SpringContextShutdownHook druid.sql.Connection - {conn-10001} closed
DEBUG SpringContextShutdownHook druid.sql.Connection - {conn-10002} closed
DEBUG SpringContextShutdownHook druid.sql.Connection - {conn-10003} closed
DEBUG SpringContextShutdownHook druid.sql.Connection - {conn-10004} closed
DEBUG SpringContextShutdownHook druid.sql.Statement - {conn-10005, pstmt-20000} closed
DEBUG SpringContextShutdownHook druid.sql.Statement - {conn-10005, pstmt-20001} closed
DEBUG SpringContextShutdownHook druid.sql.Connection - {conn-10005} closed
DEBUG main druid.sql.Connection - {conn-10001,procId-433} connected
DEBUG main druid.sql.Connection - {conn-10002,procId-434} connected
DEBUG main druid.sql.Connection - {conn-10003,procId-435} connected
DEBUG main druid.sql.Connection - {conn-10004,procId-436} connected
DEBUG main druid.sql.Connection - {conn-10005,procId-437} connected
DEBUG main druid.sql.Connection - {conn-10005} pool-connect
DEBUG main druid.sql.Connection - {conn-10005} pool-recycle
DEBUG main druid.sql.Connection - {conn-10005} pool-connect
DEBUG main druid.sql.Connection - {conn-10005} pool-recycle
DEBUG scheduling-1 druid.sql.Connection - {conn-10005} pool-connect
DEBUG scheduling-1 druid.sql.Statement - {conn-10005, pstmt-20000} created. select * from t_reservation where isDispatched=false and hour(timediff(startAt,now()))>=0 and hour(timediff(startAt,now()))<=8
DEBUG scheduling-1 druid.sql.Statement - {conn-10005, pstmt-20000} Parameters : []
DEBUG scheduling-1 druid.sql.Statement - {conn-10005, pstmt-20000} Types : []
DEBUG scheduling-1 druid.sql.Statement - {conn-10005, pstmt-20000} executed. 12.139705 millis. select * from t_reservation where isDispatched=false and hour(timediff(startAt,now()))>=0 and hour(timediff(startAt,now()))<=8
DEBUG scheduling-1 druid.sql.ResultSet - {conn-10005, pstmt-20000, rs-50000} open
DEBUG scheduling-1 druid.sql.ResultSet - {conn-10005, pstmt-20000, rs-50000} Header: [id, userId, start_lng, start_lat, end_lng, end_lat, startAt, num, isDispatched]
DEBUG scheduling-1 druid.sql.ResultSet - {conn-10005, pstmt-20000, rs-50000} Result: [6, 1, 2.0, 3.0, 4.0, 4.0, 2020-10-15 03:00:00.0, 1, false]
DEBUG scheduling-1 druid.sql.ResultSet - {conn-10005, pstmt-20000, rs-50000} closed
DEBUG scheduling-1 druid.sql.Statement - {conn-10005, pstmt-20000} clearParameters. 
DEBUG scheduling-1 druid.sql.Connection - {conn-10005} pool-recycle
DEBUG scheduling-1 druid.sql.Connection - {conn-10005} pool-connect
DEBUG scheduling-1 druid.sql.Statement - {conn-10005, pstmt-20001} created. select * from t_driver
DEBUG scheduling-1 druid.sql.Statement - {conn-10005, pstmt-20001} Parameters : []
DEBUG scheduling-1 druid.sql.Statement - {conn-10005, pstmt-20001} Types : []
DEBUG scheduling-1 druid.sql.Statement - {conn-10005, pstmt-20001} executed. 3.929094 millis. select * from t_driver
DEBUG scheduling-1 druid.sql.ResultSet - {conn-10005, pstmt-20001, rs-50001} open
DEBUG scheduling-1 druid.sql.ResultSet - {conn-10005, pstmt-20001, rs-50001} Header: [id, username, password, phone, carId]
DEBUG scheduling-1 druid.sql.ResultSet - {conn-10005, pstmt-20001, rs-50001} Result: [1, 司机一, 123456, 10086, 1]
DEBUG scheduling-1 druid.sql.ResultSet - {conn-10005, pstmt-20001, rs-50001} closed
DEBUG scheduling-1 druid.sql.Statement - {conn-10005, pstmt-20001} clearParameters. 
DEBUG scheduling-1 druid.sql.Connection - {conn-10005} pool-recycle
DEBUG SpringContextShutdownHook druid.sql.Connection - {conn-10001} closed
DEBUG SpringContextShutdownHook druid.sql.Connection - {conn-10002} closed
DEBUG SpringContextShutdownHook druid.sql.Connection - {conn-10003} closed
DEBUG SpringContextShutdownHook druid.sql.Connection - {conn-10004} closed
DEBUG SpringContextShutdownHook druid.sql.Statement - {conn-10005, pstmt-20000} closed
DEBUG SpringContextShutdownHook druid.sql.Statement - {conn-10005, pstmt-20001} closed
DEBUG SpringContextShutdownHook druid.sql.Connection - {conn-10005} closed
DEBUG main druid.sql.Connection - {conn-10001,procId-442} connected
DEBUG main druid.sql.Connection - {conn-10002,procId-443} connected
DEBUG main druid.sql.Connection - {conn-10003,procId-444} connected
DEBUG main druid.sql.Connection - {conn-10004,procId-445} connected
DEBUG main druid.sql.Connection - {conn-10005,procId-446} connected
DEBUG main druid.sql.Connection - {conn-10005} pool-connect
DEBUG main druid.sql.Connection - {conn-10005} pool-recycle
DEBUG main druid.sql.Connection - {conn-10005} pool-connect
DEBUG main druid.sql.Connection - {conn-10005} pool-recycle
DEBUG scheduling-1 druid.sql.Connection - {conn-10005} pool-connect
DEBUG scheduling-1 druid.sql.Statement - {conn-10005, pstmt-20000} created. select * from t_reservation where isDispatched=false and hour(timediff(startAt,now()))>=0 and hour(timediff(startAt,now()))<=8
DEBUG scheduling-1 druid.sql.Statement - {conn-10005, pstmt-20000} Parameters : []
DEBUG scheduling-1 druid.sql.Statement - {conn-10005, pstmt-20000} Types : []
DEBUG scheduling-1 druid.sql.Statement - {conn-10005, pstmt-20000} executed. 13.430114 millis. select * from t_reservation where isDispatched=false and hour(timediff(startAt,now()))>=0 and hour(timediff(startAt,now()))<=8
DEBUG scheduling-1 druid.sql.ResultSet - {conn-10005, pstmt-20000, rs-50000} open
DEBUG scheduling-1 druid.sql.ResultSet - {conn-10005, pstmt-20000, rs-50000} Header: [id, userId, start_lng, start_lat, end_lng, end_lat, startAt, num, isDispatched]
DEBUG scheduling-1 druid.sql.ResultSet - {conn-10005, pstmt-20000, rs-50000} Result: [6, 1, 2.0, 3.0, 4.0, 4.0, 2020-10-15 03:00:00.0, 1, false]
DEBUG scheduling-1 druid.sql.ResultSet - {conn-10005, pstmt-20000, rs-50000} closed
DEBUG scheduling-1 druid.sql.Statement - {conn-10005, pstmt-20000} clearParameters. 
DEBUG scheduling-1 druid.sql.Connection - {conn-10005} pool-recycle
DEBUG scheduling-1 druid.sql.Connection - {conn-10005} pool-connect
DEBUG scheduling-1 druid.sql.Statement - {conn-10005, pstmt-20001} created. select * from t_driver
DEBUG scheduling-1 druid.sql.Statement - {conn-10005, pstmt-20001} Parameters : []
DEBUG scheduling-1 druid.sql.Statement - {conn-10005, pstmt-20001} Types : []
DEBUG scheduling-1 druid.sql.Statement - {conn-10005, pstmt-20001} executed. 1.72046 millis. select * from t_driver
DEBUG scheduling-1 druid.sql.ResultSet - {conn-10005, pstmt-20001, rs-50001} open
DEBUG scheduling-1 druid.sql.ResultSet - {conn-10005, pstmt-20001, rs-50001} Header: [id, username, password, phone, carId]
DEBUG scheduling-1 druid.sql.ResultSet - {conn-10005, pstmt-20001, rs-50001} Result: [1, 司机一, 123456, 10086, 1]
DEBUG scheduling-1 druid.sql.ResultSet - {conn-10005, pstmt-20001, rs-50001} closed
DEBUG scheduling-1 druid.sql.Statement - {conn-10005, pstmt-20001} clearParameters. 
DEBUG scheduling-1 druid.sql.Connection - {conn-10005} pool-recycle
DEBUG SpringContextShutdownHook druid.sql.Connection - {conn-10001} closed
DEBUG SpringContextShutdownHook druid.sql.Connection - {conn-10002} closed
DEBUG SpringContextShutdownHook druid.sql.Connection - {conn-10003} closed
DEBUG SpringContextShutdownHook druid.sql.Connection - {conn-10004} closed
DEBUG SpringContextShutdownHook druid.sql.Statement - {conn-10005, pstmt-20000} closed
DEBUG SpringContextShutdownHook druid.sql.Statement - {conn-10005, pstmt-20001} closed
DEBUG SpringContextShutdownHook druid.sql.Connection - {conn-10005} closed
